[36m2024/04/01 14:43:43,358[m [32m[INFO ][m [org.springframework.boot.StartupInfoLogger] [33m[main][m- Started BoardserverApplication in 1.574 seconds (process running for 1.92)
 -[36m2024/04/01 14:43:43,362[m [34m[DEBUG][m [org.springframework.boot.availability.ApplicationAvailabilityBean] [33m[main][m- Application availability state LivenessState changed to CORRECT
 -[36m2024/04/01 14:43:43,363[m [34m[DEBUG][m [org.springframework.boot.availability.ApplicationAvailabilityBean] [33m[main][m- Application availability state ReadinessState changed to ACCEPTING_TRAFFIC
 -[36m2024/04/01 14:44:23,543[m [32m[INFO ][m [org.apache.juli.logging.DirectJDKLog] [33m[http-nio-8080-exec-2][m- Initializing Spring DispatcherServlet 'dispatcherServlet'
 -[36m2024/04/01 14:44:23,544[m [32m[INFO ][m [org.springframework.web.servlet.FrameworkServlet] [33m[http-nio-8080-exec-2][m- Initializing Servlet 'dispatcherServlet'
 -[36m2024/04/01 14:44:23,544[m [34m[DEBUG][m [org.springframework.web.servlet.DispatcherServlet] [33m[http-nio-8080-exec-2][m- Detected StandardServletMultipartResolver
 -[36m2024/04/01 14:44:23,544[m [34m[DEBUG][m [org.springframework.web.servlet.DispatcherServlet] [33m[http-nio-8080-exec-2][m- Detected AcceptHeaderLocaleResolver
 -[36m2024/04/01 14:44:23,544[m [34m[DEBUG][m [org.springframework.web.servlet.DispatcherServlet] [33m[http-nio-8080-exec-2][m- Detected FixedThemeResolver
 -[36m2024/04/01 14:44:23,544[m [34m[DEBUG][m [org.springframework.web.servlet.DispatcherServlet] [33m[http-nio-8080-exec-2][m- Detected org.springframework.web.servlet.view.DefaultRequestToViewNameTranslator@3496e97
 -[36m2024/04/01 14:44:23,545[m [34m[DEBUG][m [org.springframework.web.servlet.DispatcherServlet] [33m[http-nio-8080-exec-2][m- Detected org.springframework.web.servlet.support.SessionFlashMapManager@3bf8bf3b
 -[36m2024/04/01 14:44:23,545[m [34m[DEBUG][m [org.springframework.web.servlet.FrameworkServlet] [33m[http-nio-8080-exec-2][m- enableLoggingRequestDetails='false': request parameters and headers will be masked to prevent unsafe logging of potentially sensitive data
 -[36m2024/04/01 14:44:23,545[m [32m[INFO ][m [org.springframework.web.servlet.FrameworkServlet] [33m[http-nio-8080-exec-2][m- Completed initialization in 1 ms
 -[36m2024/04/01 14:44:23,549[m [34m[DEBUG][m [org.springframework.core.log.LogFormatUtils] [33m[http-nio-8080-exec-2][m- POST "/users/sign-in", parameters={}
 -[36m2024/04/01 14:44:23,555[m [34m[DEBUG][m [org.springframework.web.servlet.handler.AbstractHandlerMapping] [33m[http-nio-8080-exec-2][m- Mapped to dev.project.boardserver.controller.UserController#login(UserLoginRequest, HttpSession)
 -[36m2024/04/01 14:44:23,589[m [34m[DEBUG][m [org.springframework.core.log.LogFormatUtils] [33m[http-nio-8080-exec-2][m- Read "application/json;charset=UTF-8" to [dev.project.boardserver.dto.request.UserLoginRequest@e54d218]
 -[36m2024/04/01 14:44:23,610[m [34m[DEBUG][m [org.springframework.jdbc.datasource.DataSourceUtils] [33m[http-nio-8080-exec-2][m- Fetching JDBC Connection from DataSource
 -[36m2024/04/01 14:44:23,612[m [32m[INFO ][m [com.zaxxer.hikari.HikariDataSource] [33m[http-nio-8080-exec-2][m- HikariPool-1 - Starting...
 -[36m2024/04/01 14:44:23,758[m [32m[INFO ][m [com.zaxxer.hikari.pool.HikariPool] [33m[http-nio-8080-exec-2][m- HikariPool-1 - Added connection com.mysql.cj.jdbc.ConnectionImpl@6617567a
 -[36m2024/04/01 14:44:23,758[m [32m[INFO ][m [com.zaxxer.hikari.HikariDataSource] [33m[http-nio-8080-exec-2][m- HikariPool-1 - Start completed.
 -[36m2024/04/01 14:44:23,787[m [34m[DEBUG][m [org.springframework.web.servlet.mvc.method.annotation.AbstractMessageConverterMethodProcessor] [33m[http-nio-8080-exec-2][m- Using 'application/json', given [*/*] and supported [application/json, application/*+json]
 -[36m2024/04/01 14:44:23,787[m [34m[DEBUG][m [org.springframework.core.log.LogFormatUtils] [33m[http-nio-8080-exec-2][m- Writing [200 OK]
 -[36m2024/04/01 14:44:23,792[m [34m[DEBUG][m [org.springframework.web.servlet.FrameworkServlet] [33m[http-nio-8080-exec-2][m- Completed 200 OK
 -[36m2024/04/01 14:44:31,370[m [34m[DEBUG][m [org.springframework.core.log.LogFormatUtils] [33m[http-nio-8080-exec-3][m- PATCH "/users/password", parameters={}
 -[36m2024/04/01 14:44:31,371[m [34m[DEBUG][m [org.springframework.web.servlet.handler.AbstractHandlerMapping] [33m[http-nio-8080-exec-3][m- Mapped to dev.project.boardserver.controller.UserController#updateUserPassword(String, UserUpdatePasswordRequest, HttpSession)
 -[36m2024/04/01 14:44:31,381[m [34m[DEBUG][m [org.springframework.core.log.LogFormatUtils] [33m[http-nio-8080-exec-3][m- Read "application/json;charset=UTF-8" to [dev.project.boardserver.dto.request.UserUpdatePasswordRequest@40cc4358]
 -[36m2024/04/01 14:44:31,387[m [34m[DEBUG][m [org.springframework.jdbc.datasource.DataSourceUtils] [33m[http-nio-8080-exec-3][m- Fetching JDBC Connection from DataSource
 -[36m2024/04/01 14:44:31,389[m [31m[ERROR][m [dev.project.boardserver.service.impl.UserServiceImpl] [33m[http-nio-8080-exec-3][m- updatePasswrod ERROR! null
 -[36m2024/04/01 14:44:31,390[m [31m[ERROR][m [dev.project.boardserver.controller.UserController] [33m[http-nio-8080-exec-3][m- updatePassword 실패
 - java.lang.IllegalArgumentException: updatePasswrod ERROR! 비밀번호 변경 메서드를 확인해주세요
Params : null
	at dev.project.boardserver.service.impl.UserServiceImpl.updatePassword(UserServiceImpl.java:70) ~[main/:?]
	at dev.project.boardserver.controller.UserController.updateUserPassword(UserController.java:88) [main/:?]
	at java.base/jdk.internal.reflect.NativeMethodAccessorImpl.invoke0(Native Method) ~[?:?]
	at java.base/jdk.internal.reflect.NativeMethodAccessorImpl.invoke(NativeMethodAccessorImpl.java:77) ~[?:?]
	at java.base/jdk.internal.reflect.DelegatingMethodAccessorImpl.invoke(DelegatingMethodAccessorImpl.java:43) ~[?:?]
	at java.base/java.lang.reflect.Method.invoke(Method.java:568) ~[?:?]
	at org.springframework.aop.support.AopUtils.invokeJoinpointUsingReflection(AopUtils.java:351) [spring-aop-6.1.3.jar:6.1.3]
	at org.springframework.aop.framework.ReflectiveMethodInvocation.invokeJoinpoint(ReflectiveMethodInvocation.java:196) [spring-aop-6.1.3.jar:6.1.3]
	at org.springframework.aop.framework.ReflectiveMethodInvocation.proceed(ReflectiveMethodInvocation.java:163) [spring-aop-6.1.3.jar:6.1.3]
	at org.springframework.aop.framework.CglibAopProxy$CglibMethodInvocation.proceed(CglibAopProxy.java:765) [spring-aop-6.1.3.jar:6.1.3]
	at org.springframework.aop.aspectj.MethodInvocationProceedingJoinPoint.proceed(MethodInvocationProceedingJoinPoint.java:102) [spring-aop-6.1.3.jar:6.1.3]
	at dev.project.boardserver.aop.LoginCheckAspect.adminLoginCheck(LoginCheckAspect.java:50) [main/:?]
	at java.base/jdk.internal.reflect.NativeMethodAccessorImpl.invoke0(Native Method) ~[?:?]
	at java.base/jdk.internal.reflect.NativeMethodAccessorImpl.invoke(NativeMethodAccessorImpl.java:77) ~[?:?]
	at java.base/jdk.internal.reflect.DelegatingMethodAccessorImpl.invoke(DelegatingMethodAccessorImpl.java:43) ~[?:?]
	at java.base/java.lang.reflect.Method.invoke(Method.java:568) ~[?:?]
	at org.springframework.aop.aspectj.AbstractAspectJAdvice.invokeAdviceMethodWithGivenArgs(AbstractAspectJAdvice.java:637) [spring-aop-6.1.3.jar:6.1.3]
	at org.springframework.aop.aspectj.AbstractAspectJAdvice.invokeAdviceMethod(AbstractAspectJAdvice.java:627) [spring-aop-6.1.3.jar:6.1.3]
	at org.springframework.aop.aspectj.AspectJAroundAdvice.invoke(AspectJAroundAdvice.java:71) [spring-aop-6.1.3.jar:6.1.3]
	at org.springframework.aop.framework.ReflectiveMethodInvocation.proceed(ReflectiveMethodInvocation.java:173) [spring-aop-6.1.3.jar:6.1.3]
	at org.springframework.aop.framework.CglibAopProxy$CglibMethodInvocation.proceed(CglibAopProxy.java:765) [spring-aop-6.1.3.jar:6.1.3]
	at org.springframework.aop.interceptor.ExposeInvocationInterceptor.invoke(ExposeInvocationInterceptor.java:97) [spring-aop-6.1.3.jar:6.1.3]
	at org.springframework.aop.framework.ReflectiveMethodInvocation.proceed(ReflectiveMethodInvocation.java:184) [spring-aop-6.1.3.jar:6.1.3]
	at org.springframework.aop.framework.CglibAopProxy$CglibMethodInvocation.proceed(CglibAopProxy.java:765) [spring-aop-6.1.3.jar:6.1.3]
	at org.springframework.aop.framework.CglibAopProxy$DynamicAdvisedInterceptor.intercept(CglibAopProxy.java:717) [spring-aop-6.1.3.jar:6.1.3]
	at dev.project.boardserver.controller.UserController$$SpringCGLIB$$0.updateUserPassword(<generated>) [main/:?]
	at java.base/jdk.internal.reflect.NativeMethodAccessorImpl.invoke0(Native Method) ~[?:?]
	at java.base/jdk.internal.reflect.NativeMethodAccessorImpl.invoke(NativeMethodAccessorImpl.java:77) ~[?:?]
	at java.base/jdk.internal.reflect.DelegatingMethodAccessorImpl.invoke(DelegatingMethodAccessorImpl.java:43) ~[?:?]
	at java.base/java.lang.reflect.Method.invoke(Method.java:568) ~[?:?]
	at org.springframework.web.method.support.InvocableHandlerMethod.doInvoke(InvocableHandlerMethod.java:261) [spring-web-6.1.3.jar:6.1.3]
	at org.springframework.web.method.support.InvocableHandlerMethod.invokeForRequest(InvocableHandlerMethod.java:189) [spring-web-6.1.3.jar:6.1.3]
	at org.springframework.web.servlet.mvc.method.annotation.ServletInvocableHandlerMethod.invokeAndHandle(ServletInvocableHandlerMethod.java:118) [spring-webmvc-6.1.3.jar:6.1.3]
	at org.springframework.web.servlet.mvc.method.annotation.RequestMappingHandlerAdapter.invokeHandlerMethod(RequestMappingHandlerAdapter.java:917) [spring-webmvc-6.1.3.jar:6.1.3]
	at org.springframework.web.servlet.mvc.method.annotation.RequestMappingHandlerAdapter.handleInternal(RequestMappingHandlerAdapter.java:829) [spring-webmvc-6.1.3.jar:6.1.3]
	at org.springframework.web.servlet.mvc.method.AbstractHandlerMethodAdapter.handle(AbstractHandlerMethodAdapter.java:87) [spring-webmvc-6.1.3.jar:6.1.3]
	at org.springframework.web.servlet.DispatcherServlet.doDispatch(DispatcherServlet.java:1089) [spring-webmvc-6.1.3.jar:6.1.3]
	at org.springframework.web.servlet.DispatcherServlet.doService(DispatcherServlet.java:979) [spring-webmvc-6.1.3.jar:6.1.3]
	at org.springframework.web.servlet.FrameworkServlet.processRequest(FrameworkServlet.java:1014) [spring-webmvc-6.1.3.jar:6.1.3]
	at org.springframework.web.servlet.FrameworkServlet.service(FrameworkServlet.java:888) [spring-webmvc-6.1.3.jar:6.1.3]
	at jakarta.servlet.http.HttpServlet.service(HttpServlet.java:658) [tomcat-embed-core-10.1.18.jar:6.0]
	at org.apache.catalina.core.ApplicationFilterChain.internalDoFilter(ApplicationFilterChain.java:205) [tomcat-embed-core-10.1.18.jar:10.1.18]
	at org.apache.catalina.core.ApplicationFilterChain.doFilter(ApplicationFilterChain.java:149) [tomcat-embed-core-10.1.18.jar:10.1.18]
	at org.apache.tomcat.websocket.server.WsFilter.doFilter(WsFilter.java:51) [tomcat-embed-websocket-10.1.18.jar:10.1.18]
	at org.apache.catalina.core.ApplicationFilterChain.internalDoFilter(ApplicationFilterChain.java:174) [tomcat-embed-core-10.1.18.jar:10.1.18]
	at org.apache.catalina.core.ApplicationFilterChain.doFilter(ApplicationFilterChain.java:149) [tomcat-embed-core-10.1.18.jar:10.1.18]
	at org.springframework.web.filter.RequestContextFilter.doFilterInternal(RequestContextFilter.java:100) [spring-web-6.1.3.jar:6.1.3]
	at org.springframework.web.filter.OncePerRequestFilter.doFilter(OncePerRequestFilter.java:116) [spring-web-6.1.3.jar:6.1.3]
	at org.apache.catalina.core.ApplicationFilterChain.internalDoFilter(ApplicationFilterChain.java:174) [tomcat-embed-core-10.1.18.jar:10.1.18]
	at org.apache.catalina.core.ApplicationFilterChain.doFilter(ApplicationFilterChain.java:149) [tomcat-embed-core-10.1.18.jar:10.1.18]
	at org.springframework.web.filter.FormContentFilter.doFilterInternal(FormContentFilter.java:93) [spring-web-6.1.3.jar:6.1.3]
	at org.springframework.web.filter.OncePerRequestFilter.doFilter(OncePerRequestFilter.java:116) [spring-web-6.1.3.jar:6.1.3]
	at org.apache.catalina.core.ApplicationFilterChain.internalDoFilter(ApplicationFilterChain.java:174) [tomcat-embed-core-10.1.18.jar:10.1.18]
	at org.apache.catalina.core.ApplicationFilterChain.doFilter(ApplicationFilterChain.java:149) [tomcat-embed-core-10.1.18.jar:10.1.18]
	at org.springframework.web.filter.CharacterEncodingFilter.doFilterInternal(CharacterEncodingFilter.java:201) [spring-web-6.1.3.jar:6.1.3]
	at org.springframework.web.filter.OncePerRequestFilter.doFilter(OncePerRequestFilter.java:116) [spring-web-6.1.3.jar:6.1.3]
	at org.apache.catalina.core.ApplicationFilterChain.internalDoFilter(ApplicationFilterChain.java:174) [tomcat-embed-core-10.1.18.jar:10.1.18]
	at org.apache.catalina.core.ApplicationFilterChain.doFilter(ApplicationFilterChain.java:149) [tomcat-embed-core-10.1.18.jar:10.1.18]
	at org.apache.catalina.core.StandardWrapperValve.invoke(StandardWrapperValve.java:167) [tomcat-embed-core-10.1.18.jar:10.1.18]
	at org.apache.catalina.core.StandardContextValve.invoke(StandardContextValve.java:90) [tomcat-embed-core-10.1.18.jar:10.1.18]
	at org.apache.catalina.authenticator.AuthenticatorBase.invoke(AuthenticatorBase.java:482) [tomcat-embed-core-10.1.18.jar:10.1.18]
	at org.apache.catalina.core.StandardHostValve.invoke(StandardHostValve.java:115) [tomcat-embed-core-10.1.18.jar:10.1.18]
	at org.apache.catalina.valves.ErrorReportValve.invoke(ErrorReportValve.java:93) [tomcat-embed-core-10.1.18.jar:10.1.18]
	at org.apache.catalina.core.StandardEngineValve.invoke(StandardEngineValve.java:74) [tomcat-embed-core-10.1.18.jar:10.1.18]
	at org.apache.catalina.connector.CoyoteAdapter.service(CoyoteAdapter.java:340) [tomcat-embed-core-10.1.18.jar:10.1.18]
	at org.apache.coyote.http11.Http11Processor.service(Http11Processor.java:391) [tomcat-embed-core-10.1.18.jar:10.1.18]
	at org.apache.coyote.AbstractProcessorLight.process(AbstractProcessorLight.java:63) [tomcat-embed-core-10.1.18.jar:10.1.18]
	at org.apache.coyote.AbstractProtocol$ConnectionHandler.process(AbstractProtocol.java:896) [tomcat-embed-core-10.1.18.jar:10.1.18]
	at org.apache.tomcat.util.net.NioEndpoint$SocketProcessor.doRun(NioEndpoint.java:1744) [tomcat-embed-core-10.1.18.jar:10.1.18]
	at org.apache.tomcat.util.net.SocketProcessorBase.run(SocketProcessorBase.java:52) [tomcat-embed-core-10.1.18.jar:10.1.18]
	at org.apache.tomcat.util.threads.ThreadPoolExecutor.runWorker(ThreadPoolExecutor.java:1191) [tomcat-embed-core-10.1.18.jar:10.1.18]
	at org.apache.tomcat.util.threads.ThreadPoolExecutor$Worker.run(ThreadPoolExecutor.java:659) [tomcat-embed-core-10.1.18.jar:10.1.18]
	at org.apache.tomcat.util.threads.TaskThread$WrappingRunnable.run(TaskThread.java:61) [tomcat-embed-core-10.1.18.jar:10.1.18]
	at java.base/java.lang.Thread.run(Thread.java:833) [?:?]
[36m2024/04/01 14:44:31,404[m [34m[DEBUG][m [org.springframework.web.servlet.mvc.method.annotation.AbstractMessageConverterMethodProcessor] [33m[http-nio-8080-exec-3][m- Using 'application/json', given [*/*] and supported [application/json, application/*+json]
 -[36m2024/04/01 14:44:31,404[m [34m[DEBUG][m [org.springframework.web.servlet.mvc.method.annotation.AbstractMessageConverterMethodProcessor] [33m[http-nio-8080-exec-3][m- Nothing to write: null body
 -[36m2024/04/01 14:44:31,405[m [34m[DEBUG][m [org.springframework.web.servlet.FrameworkServlet] [33m[http-nio-8080-exec-3][m- Completed 400 BAD_REQUEST
 -[36m2024/04/01 14:45:39,434[m [34m[DEBUG][m [org.springframework.boot.availability.ApplicationAvailabilityBean] [33m[SpringApplicationShutdownHook][m- Application availability state ReadinessState changed from ACCEPTING_TRAFFIC to REFUSING_TRAFFIC
 -[36m2024/04/01 14:45:39,434[m [34m[DEBUG][m [org.springframework.context.support.AbstractApplicationContext] [33m[SpringApplicationShutdownHook][m- Closing org.springframework.boot.web.servlet.context.AnnotationConfigServletWebServerApplicationContext@42b64ab8, started on Mon Apr 01 14:43:41 KST 2024
 -[36m2024/04/01 14:45:39,436[m [34m[DEBUG][m [org.springframework.context.support.DefaultLifecycleProcessor$LifecycleGroup] [33m[SpringApplicationShutdownHook][m- Stopping beans in phase 2147483647
 -[36m2024/04/01 14:45:39,436[m [34m[DEBUG][m [org.springframework.context.support.DefaultLifecycleProcessor$LifecycleGroup] [33m[SpringApplicationShutdownHook][m- Stopping beans in phase 2147482623
 -[36m2024/04/01 14:45:39,436[m [34m[DEBUG][m [org.springframework.context.support.DefaultLifecycleProcessor] [33m[SpringApplicationShutdownHook][m- Bean 'webServerGracefulShutdown' completed its stop procedure
 -[36m2024/04/01 14:45:39,436[m [34m[DEBUG][m [org.springframework.context.support.DefaultLifecycleProcessor$LifecycleGroup] [33m[SpringApplicationShutdownHook][m- Stopping beans in phase 2147481599
 -[36m2024/04/01 14:45:39,439[m [34m[DEBUG][m [org.springframework.context.support.DefaultLifecycleProcessor] [33m[SpringApplicationShutdownHook][m- Bean 'webServerStartStop' completed its stop procedure
 -[36m2024/04/01 14:45:39,439[m [34m[DEBUG][m [org.springframework.context.support.DefaultLifecycleProcessor$LifecycleGroup] [33m[SpringApplicationShutdownHook][m- Stopping beans in phase 0
 -[36m2024/04/01 14:45:39,552[m [34m[DEBUG][m [org.springframework.context.support.DefaultLifecycleProcessor] [33m[SpringApplicationShutdownHook][m- Bean 'redisConnectionFactory' completed its stop procedure
 -[36m2024/04/01 14:45:39,552[m [34m[DEBUG][m [org.springframework.context.support.DefaultLifecycleProcessor$LifecycleGroup] [33m[SpringApplicationShutdownHook][m- Stopping beans in phase -2147483647
 -[36m2024/04/01 14:45:39,552[m [34m[DEBUG][m [org.springframework.context.support.DefaultLifecycleProcessor] [33m[SpringApplicationShutdownHook][m- Bean 'springBootLoggingLifecycle' completed its stop procedure
 -[36m2024/04/01 14:45:39,554[m [34m[DEBUG][m [org.springframework.beans.factory.support.DisposableBeanAdapter] [33m[SpringApplicationShutdownHook][m- Custom destroy method 'shutdown' on bean with name 'lettuceClientResources' completed asynchronously
 -[36m2024/04/01 14:45:39,554[m [34m[DEBUG][m [org.springframework.jmx.export.MBeanExporter] [33m[SpringApplicationShutdownHook][m- Unregistering JMX-exposed beans on shutdown
 -[36m2024/04/01 14:45:39,554[m [34m[DEBUG][m [org.springframework.jmx.support.MBeanRegistrationSupport] [33m[SpringApplicationShutdownHook][m- Unregistering JMX-exposed beans
 -[36m2024/04/01 14:45:39,554[m [34m[DEBUG][m [org.springframework.scheduling.concurrent.ExecutorConfigurationSupport] [33m[SpringApplicationShutdownHook][m- Shutting down ExecutorService 'applicationTaskExecutor'
 -[36m2024/04/01 14:45:39,555[m [32m[INFO ][m [com.zaxxer.hikari.HikariDataSource] [33m[SpringApplicationShutdownHook][m- HikariPool-1 - Shutdown initiated...
 -[36m2024/04/01 14:45:39,559[m [32m[INFO ][m [com.zaxxer.hikari.HikariDataSource] [33m[SpringApplicationShutdownHook][m- HikariPool-1 - Shutdown completed.
 -